#
# A fatal error has been detected by the Java Runtime Environment:
#
#  Internal Error (javaClasses.cpp:129), pid=3636, tid=7468
#  fatal error: Invalid layout of preloaded class
#
# JRE version: 7.0_25-b17
# Java VM: Java HotSpot(TM) 64-Bit Server VM (23.25-b01 mixed mode windows-amd64 compressed oops)
# Failed to write core dump. Minidumps are not enabled by default on client versions of Windows
#
# If you would like to submit a bug report, please visit:
#   http://bugreport.sun.com/bugreport/crash.jsp
#

---------------  T H R E A D  ---------------

Current thread (0x00000000020be000):  JavaThread "Unknown thread" [_thread_in_vm, id=7468, stack(0x0000000001f20000,0x0000000002020000)]

Stack: [0x0000000001f20000,0x0000000002020000]

---------------  P R O C E S S  ---------------

Java Threads: ( => current thread )

Other Threads:

=>0x00000000020be000 (exited) JavaThread "Unknown thread" [_thread_in_vm, id=7468, stack(0x0000000001f20000,0x0000000002020000)]

VM state:not at safepoint (not fully initialized)

VM Mutex/Monitor currently owned by a thread: None

GC Heap History (0 events):
No events

Deoptimization events (0 events):
No events

Internal exceptions (0 events):
No events

Events (10 events):
Event: 0.061 loading class 0x0000000002109d80 done
Event: 0.061 loading class 0x0000000002109ed0 done
Event: 0.061 loading class 0x0000000002109b70
Event: 0.061 loading class 0x0000000002111940
Event: 0.101 loading class 0x0000000002111940 done
Event: 0.101 loading class 0x0000000002111a00
Event: 0.101 loading class 0x0000000002111a00 done
Event: 0.101 loading class 0x0000000009a22900
Event: 0.101 loading class 0x0000000009a22900 done
Event: 0.101 loading class 0x0000000002109b70 done


Dynamic libraries:
0x00007ff765580000 - 0x00007ff7655b3000 	C:\Program Files\Java\jre7\bin\javaw.exe
0x00007ffba6040000 - 0x00007ffba61e9000 	C:\WINDOWS\SYSTEM32\ntdll.dll
0x00007ffba38e0000 - 0x00007ffba3a19000 	C:\WINDOWS\system32\KERNEL32.DLL
0x00007ffba3490000 - 0x00007ffba359f000 	C:\WINDOWS\system32\KERNELBASE.dll
0x00007ffba1fc0000 - 0x00007ffba204b000 	C:\WINDOWS\system32\apphelp.dll
0x00007ffb95c30000 - 0x00007ffb95c7f000 	C:\WINDOWS\AppPatch\AppPatch64\AcGenral.DLL
0x00007ffba3fd0000 - 0x00007ffba4077000 	C:\WINDOWS\system32\msvcrt.dll
0x00007ffba3170000 - 0x00007ffba319b000 	C:\WINDOWS\SYSTEM32\SspiCli.dll
0x00007ffba4700000 - 0x00007ffba4751000 	C:\WINDOWS\system32\SHLWAPI.dll
0x00007ffba4770000 - 0x00007ffba48e1000 	C:\WINDOWS\system32\USER32.dll
0x00007ffba3ad0000 - 0x00007ffba3c46000 	C:\WINDOWS\system32\ole32.dll
0x00007ffba4c30000 - 0x00007ffba6040000 	C:\WINDOWS\system32\SHELL32.dll
0x00007ffba2990000 - 0x00007ffba29af000 	C:\WINDOWS\SYSTEM32\USERENV.dll
0x00007ffba3a20000 - 0x00007ffba3ac5000 	C:\WINDOWS\system32\ADVAPI32.dll
0x00007ffb99e50000 - 0x00007ffb99e6b000 	C:\WINDOWS\SYSTEM32\MPR.dll
0x00007ffba3e30000 - 0x00007ffba3f66000 	C:\WINDOWS\system32\RPCRT4.dll
0x00007ffba49e0000 - 0x00007ffba4a37000 	C:\WINDOWS\SYSTEM32\sechost.dll
0x00007ffba4a40000 - 0x00007ffba4c17000 	C:\WINDOWS\SYSTEM32\combase.dll
0x00007ffba4080000 - 0x00007ffba41c5000 	C:\WINDOWS\system32\GDI32.dll
0x00007ffba33c0000 - 0x00007ffba33d4000 	C:\WINDOWS\SYSTEM32\profapi.dll
0x00007ffba19c0000 - 0x00007ffba1a61000 	C:\WINDOWS\SYSTEM32\SHCORE.dll
0x00007ffba48f0000 - 0x00007ffba4924000 	C:\WINDOWS\system32\IMM32.DLL
0x00007ffba4450000 - 0x00007ffba4588000 	C:\WINDOWS\system32\MSCTF.dll
0x00007ffba3380000 - 0x00007ffba33af000 	C:\Windows\system32\nvinitx.dll
0x00007ffba1580000 - 0x00007ffba17da000 	C:\WINDOWS\WinSxS\amd64_microsoft.windows.common-controls_6595b64144ccf1df_6.0.9600.16384_none_62475f7becb72503\COMCTL32.dll
0x000000006e680000 - 0x000000006e751000 	C:\Program Files\Java\jre7\bin\msvcr100.dll
0x000000006df40000 - 0x000000006e64f000 	C:\Program Files\Java\jre7\bin\server\jvm.dll
0x00007ffb914a0000 - 0x00007ffb914a9000 	C:\WINDOWS\SYSTEM32\WSOCK32.dll
0x00007ffba0770000 - 0x00007ffba078f000 	C:\WINDOWS\SYSTEM32\WINMM.dll
0x00007ffba4c20000 - 0x00007ffba4c27000 	C:\WINDOWS\system32\PSAPI.DLL
0x00007ffba4230000 - 0x00007ffba4288000 	C:\WINDOWS\system32\WS2_32.dll
0x00007ffba0730000 - 0x00007ffba075a000 	C:\WINDOWS\SYSTEM32\WINMMBASE.dll
0x00007ffba4590000 - 0x00007ffba4599000 	C:\WINDOWS\system32\NSI.dll
0x00007ffba3880000 - 0x00007ffba38ca000 	C:\WINDOWS\SYSTEM32\cfgmgr32.dll
0x00007ffba2220000 - 0x00007ffba2246000 	C:\WINDOWS\SYSTEM32\DEVOBJ.dll
0x000000006df30000 - 0x000000006df3f000 	C:\Program Files\Java\jre7\bin\verify.dll
0x000000006df00000 - 0x000000006df28000 	C:\Program Files\Java\jre7\bin\java.dll
0x000000006dee0000 - 0x000000006def5000 	C:\Program Files\Java\jre7\bin\zip.dll

VM Arguments:
jvm_args: -Dfile.encoding=Cp1252 -Xbootclasspath:E:\Andriod Application Development\adt-bundle-windows-x86_64-20131030\sdk\platforms\android-19\android.jar 
java_command: edu.asu.mobicloud.retrofit.RestClient
Launcher Type: SUN_STANDARD

Environment Variables:
PATH=
[error occurred during error reporting (printing environment variables), id 0xc0000005]



---------------  S Y S T E M  ---------------

OS: Windows 8 , 64 bit Build 9200 

CPU:total 4 (2 cores per cpu, 2 threads per core) family 6 model 42 stepping 7, cmov, cx8, fxsr, mmx, sse, sse2, sse3, ssse3, sse4.1, sse4.2, popcnt, avx, ht, tsc, tscinvbit

Memory: 4k page, physical 6203564k(2219492k free), swap 7186604k(2405060k free)

vm_info: Java HotSpot(TM) 64-Bit Server VM (23.25-b01) for windows-amd64 JRE (1.7.0_25-b17), built on Jun 21 2013 12:58:32 by "java_re" with unknown MS VC++:1600

time: Wed Apr 09 09:22:38 2014
elapsed time: 0 seconds

